%このファイルは日本語文字を含みます.
\BOOKMARK [0][-]{chapter.0.1}{はじめに}{}% 1
\BOOKMARK [1][-]{section.0.1}{巨大惑星表層流の特徴}{chapter.0.1}% 2
\BOOKMARK [1][-]{section.0.2}{先行研究}{chapter.0.1}% 3
\BOOKMARK [2][-]{subsection.0.2.1}{Showman et al. \(2007\)}{section.0.2}% 4
\BOOKMARK [2][-]{subsection.0.2.2}{Brueshaber et al. \(2019\)}{section.0.2}% 5
\BOOKMARK [1][-]{section.0.3}{研究目的}{chapter.0.1}% 6
\BOOKMARK [1][-]{section.0.4}{本論文の構成}{chapter.0.1}% 7
\BOOKMARK [0][-]{chapter.0.2}{モデルと手法}{}% 8
\BOOKMARK [1][-]{section.0.1}{支配方程式系}{chapter.0.2}% 9
\BOOKMARK [1][-]{section.0.2}{実験手法・実験設定}{chapter.0.2}% 10
\BOOKMARK [0][-]{chapter.0.3}{実験結果}{}% 11
\BOOKMARK [1][-]{section.0.1}{標準実験結果 : A1}{chapter.0.3}% 12
\BOOKMARK [1][-]{section.0.2}{実験1 : Burger 数の変化による影響}{chapter.0.3}% 13
\BOOKMARK [1][-]{section.0.3}{実験2 : APE の変化による影響}{chapter.0.3}% 14
\BOOKMARK [1][-]{section.0.4}{実験3 : \040の変化による影響}{chapter.0.3}% 15
\BOOKMARK [1][-]{section.0.5}{実験4 : Rstorm の変化による影響}{chapter.0.3}% 16
\BOOKMARK [0][-]{chapter.0.4}{議論とまとめ}{}% 17
\BOOKMARK [0][-]{chapter*.2}{謝辞}{}% 18
\BOOKMARK [0][-]{chapter*.3}{付録}{}% 19
\BOOKMARK [1][-]{section.1.1}{: 1.5層浅水方程式系の導出}{chapter*.3}% 20
\BOOKMARK [1][-]{section.1.2}{: モデルで使用した方程式系}{chapter*.3}% 21
\BOOKMARK [1][-]{section.1.3}{: Williamson et al. \(1992\) のテスト計算}{chapter*.3}% 22
\BOOKMARK [2][-]{subsection.1.3.1}{テストケース1 : 極をこえるcos 型の山の移流}{section.1.3}% 23
\BOOKMARK [2][-]{subsection.1.3.2}{テストケース2 : 定常な非線形帯状地衡流}{section.1.3}% 24
\BOOKMARK [3][-]{subsubsection.1.3.2.1}{SPMODEL ver.1, ver.2 の並列化効率の比較}{subsection.1.3.2}% 25
\BOOKMARK [2][-]{subsection.1.3.3}{テストケース3 : 局在した定常非線形帯状地衡流}{section.1.3}% 26
\BOOKMARK [2][-]{subsection.1.3.4}{テストケース4 : 移動する低気圧を持つ強制された流れ}{section.1.3}% 27
\BOOKMARK [2][-]{subsection.1.3.5}{テストケース5 : 孤立した山を越える帯状流}{section.1.3}% 28
\BOOKMARK [2][-]{subsection.1.3.6}{テストケース6 : ロスビー・ハウルヴィッツ波}{section.1.3}% 29
\BOOKMARK [1][-]{section.1.4}{: ベータドリフト効果}{chapter*.3}% 30
\BOOKMARK [1][-]{section.1.5}{: ソースコードと計算結果}{chapter*.3}% 31
\BOOKMARK [1][-]{section.1.6}{: 質量強制項の計算方法}{chapter*.3}% 32
\BOOKMARK [0][-]{figure.1.0.2}{参考文献}{}% 33
