This is e-pTeX, Version 3.14159265-p3.8.1-180226-2.6 (utf8.euc) (TeX Live 2018) (preloaded format=platex 2020.3.7)  28 JAN 2021 19:54
entering extended mode
 restricted \write18 enabled.
 %&-line parsing enabled.
**abstract.tex
(./abstract.tex
pLaTeX2e <2018-12-01> (based on LaTeX2e <2018-12-01>)

! LaTeX Error: Missing \begin{document}.

See the LaTeX manual or LaTeX Companion for explanation.
Type  H <return>  for immediate help.
 ...                                              
                                                  
l.4 \quad
         
? r
OK, entering \nonstopmode...
\citation{Vallis2017}
LaTeX Font Info:    Font shape `JT1/mc/bx/n' in size <10> not available
(Font)              Font shape `JT1/gt/m/n' tried instead on input line 13.
LaTeX Font Info:    Font shape `JY1/mc/bx/n' in size <10> not available
(Font)              Font shape `JY1/gt/m/n' tried instead on input line 13.
! Undefined control sequence.
<write> ...: Citation `\@citeb ' on page \thepage 
                                                  \space undefined\on@line .^^J
l.13 ...ルギーの逆カスケード効果(\cite{Vallis2017}
                                                  )によって，
The control sequence at the end of the top line
of your error message was never \def'ed. If you have
misspelled it (e.g., `\hobx'), type `I' and the correct
spelling (e.g., `I\hbox'). Otherwise just continue,
and I'll forget about whatever was undefined.


LaTeX Warning: Citation `Vallis2017' on page  undefined on input line 13.

\citation{Gierasch2000}
! Undefined control sequence.
<write> ...: Citation `\@citeb ' on page \thepage 
                                                  \space undefined\on@line .^^J
l.18 雷雲が考えられる(\cite{Gierasch2000}
                                         , \cite{Ingersoll2000})．
The control sequence at the end of the top line
of your error message was never \def'ed. If you have
misspelled it (e.g., `\hobx'), type `I' and the correct
spelling (e.g., `I\hbox'). Otherwise just continue,
and I'll forget about whatever was undefined.


LaTeX Warning: Citation `Gierasch2000' on page  undefined on input line 18.

\citation{Ingersoll2000}
! Undefined control sequence.
<write> ...: Citation `\@citeb ' on page \thepage 
                                                  \space undefined\on@line .^^J
l.18 ...(\cite{Gierasch2000}, \cite{Ingersoll2000}
                                                  )．
The control sequence at the end of the top line
of your error message was never \def'ed. If you have
misspelled it (e.g., `\hobx'), type `I' and the correct
spelling (e.g., `I\hbox'). Otherwise just continue,
and I'll forget about whatever was undefined.


LaTeX Warning: Citation `Ingersoll2000' on page  undefined on input line 18.

\citation{Showman2007}
! Undefined control sequence.
<write> ...: Citation `\@citeb ' on page \thepage 
                                                  \space undefined\on@line .^^J
l.20 \cite{Showman2007}
                       , \cite{Brueshaber2019} は
The control sequence at the end of the top line
of your error message was never \def'ed. If you have
misspelled it (e.g., `\hobx'), type `I' and the correct
spelling (e.g., `I\hbox'). Otherwise just continue,
and I'll forget about whatever was undefined.


LaTeX Warning: Citation `Showman2007' on page  undefined on input line 20.

\citation{Brueshaber2019}
! Undefined control sequence.
<write> ...: Citation `\@citeb ' on page \thepage 
                                                  \space undefined\on@line .^^J
l.20 \cite{Showman2007}, \cite{Brueshaber2019}
                                               は
The control sequence at the end of the top line
of your error message was never \def'ed. If you have
misspelled it (e.g., `\hobx'), type `I' and the correct
spelling (e.g., `I\hbox'). Otherwise just continue,
and I'll forget about whatever was undefined.


LaTeX Warning: Citation `Brueshaber2019' on page  undefined on input line 20.

\citation{Showman2007}
! Undefined control sequence.
<write> ...: Citation `\@citeb ' on page \thepage 
                                                  \space undefined\on@line .^^J
l.24 \cite{Showman2007}
                        は緯度$0^\circ - 70^\circ$，経度$0^\circ - 120^\circ...
The control sequence at the end of the top line
of your error message was never \def'ed. If you have
misspelled it (e.g., `\hobx'), type `I' and the correct
spelling (e.g., `I\hbox'). Otherwise just continue,
and I'll forget about whatever was undefined.


LaTeX Warning: Citation `Showman2007' on page  undefined on input line 24.

LaTeX Font Info:    External font `cmex10' loaded for size
(Font)              <7> on input line 24.
LaTeX Font Info:    External font `cmex10' loaded for size
(Font)              <5> on input line 24.
\citation{Brueshaber2019}
! Undefined control sequence.
<write> ...: Citation `\@citeb ' on page \thepage 
                                                  \space undefined\on@line .^^J
l.27 \cite{Brueshaber2019}
                           は緯度$60^\circ$ より高緯度の極域を計算し，
The control sequence at the end of the top line
of your error message was never \def'ed. If you have
misspelled it (e.g., `\hobx'), type `I' and the correct
spelling (e.g., `I\hbox'). Otherwise just continue,
and I'll forget about whatever was undefined.


LaTeX Warning: Citation `Brueshaber2019' on page  undefined on input line 27.


Overfull \hbox (20.0pt too wide) in paragraph at lines 4--35
[]
 []


Overfull \hbox (9.62216pt too wide) in paragraph at lines 4--35
\JY1/mc/m/n/10 巨
 []


Overfull \hbox (9.62216pt too wide) in paragraph at lines 4--35
\JY1/mc/m/n/10 大
 []


Overfull \hbox (9.62216pt too wide) in paragraph at lines 4--35
\JY1/mc/m/n/10 惑
 []


Overfull \hbox (9.62216pt too wide) in paragraph at lines 4--35
\JY1/mc/m/n/10 星
 []


Overfull \hbox (9.62216pt too wide) in paragraph at lines 4--35
\JY1/mc/m/n/10 表
 []


Overfull \hbox (9.62216pt too wide) in paragraph at lines 4--35
\JY1/mc/m/n/10 層
 []


Overfull \hbox (9.62216pt too wide) in paragraph at lines 4--35
\JY1/mc/m/n/10 に
 []


Overfull \hbox (12.65881pt too wide) in paragraph at lines 4--35
\JY1/mc/m/n/10 は ，
 []


Overfull \hbox (9.62216pt too wide) in paragraph at lines 4--35
\JY1/mc/m/n/10 赤
 []


Overfull \hbox (9.62216pt too wide) in paragraph at lines 4--35
\JY1/mc/m/n/10 道
 []


Overfull \hbox (9.62216pt too wide) in paragraph at lines 4--35
\JY1/mc/m/n/10 域
 []


Overfull \hbox (9.62216pt too wide) in paragraph at lines 4--35
\JY1/mc/m/n/10 に
 []


Overfull \hbox (9.62216pt too wide) in paragraph at lines 4--35
\JY1/mc/m/n/10 お
 []


Overfull \hbox (9.62216pt too wide) in paragraph at lines 4--35
\JY1/mc/m/n/10 け
 []


Overfull \hbox (9.62216pt too wide) in paragraph at lines 4--35
\JY1/mc/m/n/10 る
 []


Overfull \hbox (9.62216pt too wide) in paragraph at lines 4--35
\JY1/mc/m/n/10 緯
 []


Overfull \hbox (9.62216pt too wide) in paragraph at lines 4--35
\JY1/mc/m/n/10 度
 []


Overfull \hbox (9.62216pt too wide) in paragraph at lines 4--35
\JY1/mc/m/n/10 幅
 []


Overfull \hbox (9.62216pt too wide) in paragraph at lines 4--35
\JY1/mc/m/n/10 の
 []


Overfull \hbox (9.62216pt too wide) in paragraph at lines 4--35
\JY1/mc/m/n/10 広
 []


Overfull \hbox (9.62216pt too wide) in paragraph at lines 4--35
\JY1/mc/m/n/10 い
 []


Overfull \hbox (9.62216pt too wide) in paragraph at lines 4--35
\JY1/mc/m/n/10 ジ
 []


Overfull \hbox (7.47433pt too wide) in paragraph at lines 4--35
\JY1/mc/m/n/10 ェ
 []


Overfull \hbox (7.47433pt too wide) in paragraph at lines 4--35
\JY1/mc/m/n/10 ッ
 []


Overfull \hbox (9.62216pt too wide) in paragraph at lines 4--35
\JY1/mc/m/n/10 ト
 []


Overfull \hbox (9.62216pt too wide) in paragraph at lines 4--35
\JY1/mc/m/n/10 や
 []


Overfull \hbox (9.62216pt too wide) in paragraph at lines 4--35
\JY1/mc/m/n/10 中
 []


Overfull \hbox (9.62216pt too wide) in paragraph at lines 4--35
\JY1/mc/m/n/10 緯
 []


Overfull \hbox (9.62216pt too wide) in paragraph at lines 4--35
\JY1/mc/m/n/10 度
 []


Overfull \hbox (9.62216pt too wide) in paragraph at lines 4--35
\JY1/mc/m/n/10 域
 []


Overfull \hbox (9.62216pt too wide) in paragraph at lines 4--35
\JY1/mc/m/n/10 に
 []


Overfull \hbox (9.62216pt too wide) in paragraph at lines 4--35
\JY1/mc/m/n/10 お
 []


Overfull \hbox (9.62216pt too wide) in paragraph at lines 4--35
\JY1/mc/m/n/10 け
 []


Overfull \hbox (9.62216pt too wide) in paragraph at lines 4--35
\JY1/mc/m/n/10 る
 []


Overfull \hbox (9.62216pt too wide) in paragraph at lines 4--35
\JY1/mc/m/n/10 緯
 []


Overfull \hbox (9.62216pt too wide) in paragraph at lines 4--35
\JY1/mc/m/n/10 度
 []


Overfull \hbox (9.62216pt too wide) in paragraph at lines 4--35
\JY1/mc/m/n/10 幅
 []


Overfull \hbox (9.62216pt too wide) in paragraph at lines 4--35
\JY1/mc/m/n/10 の
 []


Overfull \hbox (9.62216pt too wide) in paragraph at lines 4--35
\JY1/mc/m/n/10 狭
 []


Overfull \hbox (9.62216pt too wide) in paragraph at lines 4--35
\JY1/mc/m/n/10 い
 []


Overfull \hbox (9.62216pt too wide) in paragraph at lines 4--35
\JY1/mc/m/n/10 ジ
 []


Overfull \hbox (7.47433pt too wide) in paragraph at lines 4--35
\JY1/mc/m/n/10 ェ
 []


Overfull \hbox (7.47433pt too wide) in paragraph at lines 4--35
\JY1/mc/m/n/10 ッ
 []


Overfull \hbox (9.62216pt too wide) in paragraph at lines 4--35
\JY1/mc/m/n/10 ト
 []


Overfull \hbox (9.62216pt too wide) in paragraph at lines 4--35
\JY1/mc/m/n/10 か
 []


Overfull \hbox (9.62216pt too wide) in paragraph at lines 4--35
\JY1/mc/m/n/10 ら
 []


Overfull \hbox (9.62216pt too wide) in paragraph at lines 4--35
\JY1/mc/m/n/10 成
 []


Overfull \hbox (9.62216pt too wide) in paragraph at lines 4--35
\JY1/mc/m/n/10 る
 []


Overfull \hbox (9.62216pt too wide) in paragraph at lines 4--35
\JY1/mc/m/n/10 帯
 []


Overfull \hbox (9.62216pt too wide) in paragraph at lines 4--35
\JY1/mc/m/n/10 状
 []


Overfull \hbox (9.62216pt too wide) in paragraph at lines 4--35
\JY1/mc/m/n/10 構
 []


Overfull \hbox (12.65881pt too wide) in paragraph at lines 4--35
\JY1/mc/m/n/10 造 ，
 []


Overfull \hbox (9.62216pt too wide) in paragraph at lines 4--35
\JY1/mc/m/n/10 極
 []


Overfull \hbox (9.62216pt too wide) in paragraph at lines 4--35
\JY1/mc/m/n/10 域
 []


Overfull \hbox (9.62216pt too wide) in paragraph at lines 4--35
\JY1/mc/m/n/10 に
 []


Overfull \hbox (9.62216pt too wide) in paragraph at lines 4--35
\JY1/mc/m/n/10 お
 []


Overfull \hbox (9.62216pt too wide) in paragraph at lines 4--35
\JY1/mc/m/n/10 け
 []


Overfull \hbox (9.62216pt too wide) in paragraph at lines 4--35
\JY1/mc/m/n/10 る
 []


Overfull \hbox (9.62216pt too wide) in paragraph at lines 4--35
\JY1/mc/m/n/10 渦
 []


Overfull \hbox (9.62216pt too wide) in paragraph at lines 4--35
\JY1/mc/m/n/10 構
 []


Overfull \hbox (9.62216pt too wide) in paragraph at lines 4--35
\JY1/mc/m/n/10 造
 []


Overfull \hbox (9.62216pt too wide) in paragraph at lines 4--35
\JY1/mc/m/n/10 が
 []


Overfull \hbox (9.62216pt too wide) in paragraph at lines 4--35
\JY1/mc/m/n/10 存
 []


Overfull \hbox (9.62216pt too wide) in paragraph at lines 4--35
\JY1/mc/m/n/10 在
 []


Overfull \hbox (9.62216pt too wide) in paragraph at lines 4--35
\JY1/mc/m/n/10 す
 []


Overfull \hbox (9.62216pt too wide) in paragraph at lines 4--35
\JY1/mc/m/n/10 る
 []


Overfull \hbox (9.62216pt too wide) in paragraph at lines 4--35
\JY1/mc/m/n/10 こ
 []


Overfull \hbox (9.62216pt too wide) in paragraph at lines 4--35
\JY1/mc/m/n/10 と
 []


Overfull \hbox (9.62216pt too wide) in paragraph at lines 4--35
\JY1/mc/m/n/10 が
 []


Overfull \hbox (9.62216pt too wide) in paragraph at lines 4--35
\JY1/mc/m/n/10 知
 []


Overfull \hbox (9.62216pt too wide) in paragraph at lines 4--35
\JY1/mc/m/n/10 ら
 []


Overfull \hbox (9.62216pt too wide) in paragraph at lines 4--35
\JY1/mc/m/n/10 れ
 []


Overfull \hbox (9.62216pt too wide) in paragraph at lines 4--35
\JY1/mc/m/n/10 て
 []


Overfull \hbox (9.62216pt too wide) in paragraph at lines 4--35
\JY1/mc/m/n/10 い
 []


Overfull \hbox (12.65881pt too wide) in paragraph at lines 4--35
\JY1/mc/m/n/10 る ．
 []


Overfull \hbox (9.62216pt too wide) in paragraph at lines 4--35
\JY1/mc/m/n/10 帯
 []


Overfull \hbox (9.62216pt too wide) in paragraph at lines 4--35
\JY1/mc/m/n/10 状
 []


Overfull \hbox (9.62216pt too wide) in paragraph at lines 4--35
\JY1/mc/m/n/10 構
 []


Overfull \hbox (9.62216pt too wide) in paragraph at lines 4--35
\JY1/mc/m/n/10 造
 []


Overfull \hbox (9.62216pt too wide) in paragraph at lines 4--35
\JY1/mc/m/n/10 や
 []


Overfull \hbox (9.62216pt too wide) in paragraph at lines 4--35
\JY1/mc/m/n/10 極
 []


Overfull \hbox (9.62216pt too wide) in paragraph at lines 4--35
\JY1/mc/m/n/10 渦
 []


Overfull \hbox (9.62216pt too wide) in paragraph at lines 4--35
\JY1/mc/m/n/10 の
 []


Overfull \hbox (9.62216pt too wide) in paragraph at lines 4--35
\JY1/mc/m/n/10 よ
 []


Overfull \hbox (9.62216pt too wide) in paragraph at lines 4--35
\JY1/mc/m/n/10 う
 []


Overfull \hbox (9.62216pt too wide) in paragraph at lines 4--35
\JY1/mc/m/n/10 な
 []


Overfull \hbox (9.62216pt too wide) in paragraph at lines 4--35
\JY1/mc/m/n/10 大
 []


Overfull \hbox (9.62216pt too wide) in paragraph at lines 4--35
\JY1/mc/m/n/10 規
 []


Overfull \hbox (9.62216pt too wide) in paragraph at lines 4--35
\JY1/mc/m/n/10 模
 []


Overfull \hbox (9.62216pt too wide) in paragraph at lines 4--35
\JY1/mc/m/n/10 構
 []


Overfull \hbox (9.62216pt too wide) in paragraph at lines 4--35
\JY1/mc/m/n/10 造
 []


Overfull \hbox (9.62216pt too wide) in paragraph at lines 4--35
\JY1/mc/m/n/10 は
 []


Overfull \hbox (9.62216pt too wide) in paragraph at lines 4--35
\JY1/mc/m/n/10 エ
 []


Overfull \hbox (9.62216pt too wide) in paragraph at lines 4--35
\JY1/mc/m/n/10 ネ
 []


Overfull \hbox (9.62216pt too wide) in paragraph at lines 4--35
\JY1/mc/m/n/10 ル
 []


Overfull \hbox (18.74432pt too wide) in paragraph at lines 4--35
\JY1/mc/m/n/10 ギ ー
 []


Overfull \hbox (9.62216pt too wide) in paragraph at lines 4--35
\JY1/mc/m/n/10 の
 []


Overfull \hbox (9.62216pt too wide) in paragraph at lines 4--35
\JY1/mc/m/n/10 逆
 []


Overfull \hbox (9.62216pt too wide) in paragraph at lines 4--35
\JY1/mc/m/n/10 カ
 []


Overfull \hbox (9.62216pt too wide) in paragraph at lines 4--35
\JY1/mc/m/n/10 ス
 []


Overfull \hbox (18.74432pt too wide) in paragraph at lines 4--35
\JY1/mc/m/n/10 ケ ー
 []


Overfull \hbox (9.62216pt too wide) in paragraph at lines 4--35
\JY1/mc/m/n/10 ド
 []


Overfull \hbox (9.62216pt too wide) in paragraph at lines 4--35
\JY1/mc/m/n/10 効
 []


Overfull \hbox (9.62216pt too wide) in paragraph at lines 4--35
\JY1/mc/m/n/10 果
 []


Overfull \hbox (18.7639pt too wide) in paragraph at lines 4--35
\OT1/cmr/m/n/10 ([[]])
 []


Overfull \hbox (9.62216pt too wide) in paragraph at lines 4--35
\JY1/mc/m/n/10 に
 []


Overfull \hbox (9.62216pt too wide) in paragraph at lines 4--35
\JY1/mc/m/n/10 よ
 []


Overfull \hbox (7.47433pt too wide) in paragraph at lines 4--35
\JY1/mc/m/n/10 っ
 []


Overfull \hbox (12.65881pt too wide) in paragraph at lines 4--35
\JY1/mc/m/n/10 て ，
 []


Overfull \hbox (9.62216pt too wide) in paragraph at lines 4--35
\JY1/mc/m/n/10 大
 []


Overfull \hbox (9.62216pt too wide) in paragraph at lines 4--35
\JY1/mc/m/n/10 気
 []


Overfull \hbox (9.62216pt too wide) in paragraph at lines 4--35
\JY1/mc/m/n/10 中
 []


Overfull \hbox (9.62216pt too wide) in paragraph at lines 4--35
\JY1/mc/m/n/10 の
 []


Overfull \hbox (9.62216pt too wide) in paragraph at lines 4--35
\JY1/mc/m/n/10 小
 []


Overfull \hbox (9.62216pt too wide) in paragraph at lines 4--35
\JY1/mc/m/n/10 規
 []


Overfull \hbox (9.62216pt too wide) in paragraph at lines 4--35
\JY1/mc/m/n/10 模
 []


Overfull \hbox (9.62216pt too wide) in paragraph at lines 4--35
\JY1/mc/m/n/10 乱
 []


Overfull \hbox (9.62216pt too wide) in paragraph at lines 4--35
\JY1/mc/m/n/10 流
 []


Overfull \hbox (9.62216pt too wide) in paragraph at lines 4--35
\JY1/mc/m/n/10 か
 []


Overfull \hbox (9.62216pt too wide) in paragraph at lines 4--35
\JY1/mc/m/n/10 ら
 []


Overfull \hbox (9.62216pt too wide) in paragraph at lines 4--35
\JY1/mc/m/n/10 形
 []


Overfull \hbox (9.62216pt too wide) in paragraph at lines 4--35
\JY1/mc/m/n/10 成
 []


Overfull \hbox (9.62216pt too wide) in paragraph at lines 4--35
\JY1/mc/m/n/10 さ
 []


Overfull \hbox (9.62216pt too wide) in paragraph at lines 4--35
\JY1/mc/m/n/10 れ
 []


Overfull \hbox (9.62216pt too wide) in paragraph at lines 4--35
\JY1/mc/m/n/10 る
 []


Overfull \hbox (9.62216pt too wide) in paragraph at lines 4--35
\JY1/mc/m/n/10 可
 []


Overfull \hbox (9.62216pt too wide) in paragraph at lines 4--35
\JY1/mc/m/n/10 能
 []


Overfull \hbox (9.62216pt too wide) in paragraph at lines 4--35
\JY1/mc/m/n/10 性
 []


Overfull \hbox (9.62216pt too wide) in paragraph at lines 4--35
\JY1/mc/m/n/10 が
 []


Overfull \hbox (9.62216pt too wide) in paragraph at lines 4--35
\JY1/mc/m/n/10 あ
 []


Overfull \hbox (12.65881pt too wide) in paragraph at lines 4--35
\JY1/mc/m/n/10 る ．
 []


Overfull \hbox (9.62216pt too wide) in paragraph at lines 4--35
\JY1/mc/m/n/10 こ
 []


Overfull \hbox (9.62216pt too wide) in paragraph at lines 4--35
\JY1/mc/m/n/10 の
 []


Overfull \hbox (9.62216pt too wide) in paragraph at lines 4--35
\JY1/mc/m/n/10 よ
 []


Overfull \hbox (9.62216pt too wide) in paragraph at lines 4--35
\JY1/mc/m/n/10 う
 []


Overfull \hbox (9.62216pt too wide) in paragraph at lines 4--35
\JY1/mc/m/n/10 な
 []


Overfull \hbox (9.62216pt too wide) in paragraph at lines 4--35
\JY1/mc/m/n/10 小
 []


Overfull \hbox (9.62216pt too wide) in paragraph at lines 4--35
\JY1/mc/m/n/10 規
 []


Overfull \hbox (9.62216pt too wide) in paragraph at lines 4--35
\JY1/mc/m/n/10 模
 []


Overfull \hbox (9.62216pt too wide) in paragraph at lines 4--35
\JY1/mc/m/n/10 乱
 []


Overfull \hbox (9.62216pt too wide) in paragraph at lines 4--35
\JY1/mc/m/n/10 流
 []


Overfull \hbox (9.62216pt too wide) in paragraph at lines 4--35
\JY1/mc/m/n/10 を
 []


Overfull \hbox (9.62216pt too wide) in paragraph at lines 4--35
\JY1/mc/m/n/10 引
 []


Overfull \hbox (9.62216pt too wide) in paragraph at lines 4--35
\JY1/mc/m/n/10 き
 []


Overfull \hbox (9.62216pt too wide) in paragraph at lines 4--35
\JY1/mc/m/n/10 起
 []


Overfull \hbox (9.62216pt too wide) in paragraph at lines 4--35
\JY1/mc/m/n/10 こ
 []


Overfull \hbox (9.62216pt too wide) in paragraph at lines 4--35
\JY1/mc/m/n/10 す
 []


Overfull \hbox (9.62216pt too wide) in paragraph at lines 4--35
\JY1/mc/m/n/10 候
 []


Overfull \hbox (9.62216pt too wide) in paragraph at lines 4--35
\JY1/mc/m/n/10 補
 []


Overfull \hbox (9.62216pt too wide) in paragraph at lines 4--35
\JY1/mc/m/n/10 と
 []


Overfull \hbox (9.62216pt too wide) in paragraph at lines 4--35
\JY1/mc/m/n/10 し
 []


Overfull \hbox (12.65881pt too wide) in paragraph at lines 4--35
\JY1/mc/m/n/10 て ，
 []


Overfull \hbox (9.62216pt too wide) in paragraph at lines 4--35
\JY1/mc/m/n/10 雷
 []


Overfull \hbox (9.62216pt too wide) in paragraph at lines 4--35
\JY1/mc/m/n/10 雲
 []


Overfull \hbox (9.62216pt too wide) in paragraph at lines 4--35
\JY1/mc/m/n/10 が
 []


Overfull \hbox (9.62216pt too wide) in paragraph at lines 4--35
\JY1/mc/m/n/10 考
 []


Overfull \hbox (9.62216pt too wide) in paragraph at lines 4--35
\JY1/mc/m/n/10 え
 []


Overfull \hbox (9.62216pt too wide) in paragraph at lines 4--35
\JY1/mc/m/n/10 ら
 []


Overfull \hbox (9.62216pt too wide) in paragraph at lines 4--35
\JY1/mc/m/n/10 れ
 []


Overfull \hbox (9.62216pt too wide) in paragraph at lines 4--35
\JY1/mc/m/n/10 る
 []


Overfull \hbox (17.65279pt too wide) in paragraph at lines 4--35
\OT1/cmr/m/n/10 ([[]],
 []


Overfull \hbox (18.41165pt too wide) in paragraph at lines 4--35
\OT1/cmr/m/n/10 [[]])\JY1/mc/m/n/10 ．
 []


Overfull \hbox (13.76389pt too wide) in paragraph at lines 4--35
\OT1/cmr/m/n/10 [[]],
 []


Overfull \hbox (10.9861pt too wide) in paragraph at lines 4--35
\OT1/cmr/m/n/10 [[]]
 []


Overfull \hbox (9.62216pt too wide) in paragraph at lines 4--35
\JY1/mc/m/n/10 は
 []


Overfull \hbox (9.62216pt too wide) in paragraph at lines 4--35
\JY1/mc/m/n/10 こ
 []


Overfull \hbox (9.62216pt too wide) in paragraph at lines 4--35
\JY1/mc/m/n/10 の
 []


Overfull \hbox (9.62216pt too wide) in paragraph at lines 4--35
\JY1/mc/m/n/10 雷
 []


Overfull \hbox (9.62216pt too wide) in paragraph at lines 4--35
\JY1/mc/m/n/10 雲
 []


Overfull \hbox (9.62216pt too wide) in paragraph at lines 4--35
\JY1/mc/m/n/10 を
 []


Overfull \hbox (9.62216pt too wide) in paragraph at lines 4--35
\JY1/mc/m/n/10 想
 []


Overfull \hbox (9.62216pt too wide) in paragraph at lines 4--35
\JY1/mc/m/n/10 定
 []


Overfull \hbox (9.62216pt too wide) in paragraph at lines 4--35
\JY1/mc/m/n/10 し
 []


Overfull \hbox (9.62216pt too wide) in paragraph at lines 4--35
\JY1/mc/m/n/10 た
 []


Overfull \hbox (9.62216pt too wide) in paragraph at lines 4--35
\JY1/mc/m/n/10 質
 []


Overfull \hbox (9.62216pt too wide) in paragraph at lines 4--35
\JY1/mc/m/n/10 量
 []


Overfull \hbox (9.62216pt too wide) in paragraph at lines 4--35
\JY1/mc/m/n/10 強
 []


Overfull \hbox (9.62216pt too wide) in paragraph at lines 4--35
\JY1/mc/m/n/10 制
 []


Overfull \hbox (9.62216pt too wide) in paragraph at lines 4--35
\JY1/mc/m/n/10 を
 []


Overfull \hbox (9.62216pt too wide) in paragraph at lines 4--35
\JY1/mc/m/n/10 加
 []


Overfull \hbox (9.62216pt too wide) in paragraph at lines 4--35
\JY1/mc/m/n/10 え
 []


Overfull \hbox (9.62216pt too wide) in paragraph at lines 4--35
\JY1/mc/m/n/10 た
 []


Overfull \hbox (9.62216pt too wide) in paragraph at lines 4--35
\JY1/mc/m/n/10 浅
 []


Overfull \hbox (9.62216pt too wide) in paragraph at lines 4--35
\JY1/mc/m/n/10 水
 []


Overfull \hbox (9.62216pt too wide) in paragraph at lines 4--35
\JY1/mc/m/n/10 実
 []


Overfull \hbox (9.62216pt too wide) in paragraph at lines 4--35
\JY1/mc/m/n/10 験
 []


Overfull \hbox (9.62216pt too wide) in paragraph at lines 4--35
\JY1/mc/m/n/10 を
 []


Overfull \hbox (9.62216pt too wide) in paragraph at lines 4--35
\JY1/mc/m/n/10 球
 []


Overfull \hbox (9.62216pt too wide) in paragraph at lines 4--35
\JY1/mc/m/n/10 面
 []


Overfull \hbox (9.62216pt too wide) in paragraph at lines 4--35
\JY1/mc/m/n/10 の
 []


Overfull \hbox (9.62216pt too wide) in paragraph at lines 4--35
\JY1/mc/m/n/10 一
 []


Overfull \hbox (9.62216pt too wide) in paragraph at lines 4--35
\JY1/mc/m/n/10 部
 []


Overfull \hbox (9.62216pt too wide) in paragraph at lines 4--35
\JY1/mc/m/n/10 の
 []


Overfull \hbox (9.62216pt too wide) in paragraph at lines 4--35
\JY1/mc/m/n/10 領
 []


Overfull \hbox (9.62216pt too wide) in paragraph at lines 4--35
\JY1/mc/m/n/10 域
 []


Overfull \hbox (9.62216pt too wide) in paragraph at lines 4--35
\JY1/mc/m/n/10 で
 []


Overfull \hbox (9.62216pt too wide) in paragraph at lines 4--35
\JY1/mc/m/n/10 行
 []


Overfull \hbox (7.47433pt too wide) in paragraph at lines 4--35
\JY1/mc/m/n/10 っ
 []


Overfull \hbox (12.65881pt too wide) in paragraph at lines 4--35
\JY1/mc/m/n/10 た ．
 []


Overfull \hbox (10.9861pt too wide) in paragraph at lines 4--35
\OT1/cmr/m/n/10 [[]]
 []


Overfull \hbox (9.62216pt too wide) in paragraph at lines 4--35
\JY1/mc/m/n/10 は
 []


Overfull \hbox (9.62216pt too wide) in paragraph at lines 4--35
\JY1/mc/m/n/10 緯
 []


Overfull \hbox (9.62216pt too wide) in paragraph at lines 4--35
\JY1/mc/m/n/10 度
 []


Overfull \hbox (17.37505pt too wide) in paragraph at lines 4--35
\OT1/cmr/m/n/10 0[] \OMS/cmsy/m/n/10 ^^@
 []


Overfull \hbox (18.13391pt too wide) in paragraph at lines 4--35
\OT1/cmr/m/n/10 70[]$\JY1/mc/m/n/10 ，
 []


Overfull \hbox (9.62216pt too wide) in paragraph at lines 4--35
\JY1/mc/m/n/10 経
 []


Overfull \hbox (9.62216pt too wide) in paragraph at lines 4--35
\JY1/mc/m/n/10 度
 []


Overfull \hbox (17.37505pt too wide) in paragraph at lines 4--35
\OT1/cmr/m/n/10 0[] \OMS/cmsy/m/n/10 ^^@
 []


Overfull \hbox (19.59727pt too wide) in paragraph at lines 4--35
\OT1/cmr/m/n/10 120[]$
 []


Overfull \hbox (9.62216pt too wide) in paragraph at lines 4--35
\JY1/mc/m/n/10 の
 []


Overfull \hbox (9.62216pt too wide) in paragraph at lines 4--35
\JY1/mc/m/n/10 領
 []


Overfull \hbox (9.62216pt too wide) in paragraph at lines 4--35
\JY1/mc/m/n/10 域
 []


Overfull \hbox (9.62216pt too wide) in paragraph at lines 4--35
\JY1/mc/m/n/10 を
 []


Overfull \hbox (9.62216pt too wide) in paragraph at lines 4--35
\JY1/mc/m/n/10 計
 []


Overfull \hbox (9.62216pt too wide) in paragraph at lines 4--35
\JY1/mc/m/n/10 算
 []


Overfull \hbox (9.62216pt too wide) in paragraph at lines 4--35
\JY1/mc/m/n/10 し
 []


Overfull \hbox (9.62216pt too wide) in paragraph at lines 4--35
\JY1/mc/m/n/10 た
 []


Overfull \hbox (9.62216pt too wide) in paragraph at lines 4--35
\JY1/mc/m/n/10 結
 []


Overfull \hbox (12.65881pt too wide) in paragraph at lines 4--35
\JY1/mc/m/n/10 果 ，
 []


Overfull \hbox (9.62216pt too wide) in paragraph at lines 4--35
\JY1/mc/m/n/10 帯
 []


Overfull \hbox (9.62216pt too wide) in paragraph at lines 4--35
\JY1/mc/m/n/10 状
 []


Overfull \hbox (9.62216pt too wide) in paragraph at lines 4--35
\JY1/mc/m/n/10 構
 []


Overfull \hbox (9.62216pt too wide) in paragraph at lines 4--35
\JY1/mc/m/n/10 造
 []


Overfull \hbox (9.62216pt too wide) in paragraph at lines 4--35
\JY1/mc/m/n/10 が
 []


Overfull \hbox (9.62216pt too wide) in paragraph at lines 4--35
\JY1/mc/m/n/10 形
 []


Overfull \hbox (9.62216pt too wide) in paragraph at lines 4--35
\JY1/mc/m/n/10 成
 []


Overfull \hbox (9.62216pt too wide) in paragraph at lines 4--35
\JY1/mc/m/n/10 さ
 []


Overfull \hbox (9.62216pt too wide) in paragraph at lines 4--35
\JY1/mc/m/n/10 れ
 []


Overfull \hbox (9.62216pt too wide) in paragraph at lines 4--35
\JY1/mc/m/n/10 る
 []


Overfull \hbox (9.62216pt too wide) in paragraph at lines 4--35
\JY1/mc/m/n/10 こ
 []


Overfull \hbox (9.62216pt too wide) in paragraph at lines 4--35
\JY1/mc/m/n/10 と
 []


Overfull \hbox (9.62216pt too wide) in paragraph at lines 4--35
\JY1/mc/m/n/10 を
 []


Overfull \hbox (9.62216pt too wide) in paragraph at lines 4--35
\JY1/mc/m/n/10 示
 []


Overfull \hbox (9.62216pt too wide) in paragraph at lines 4--35
\JY1/mc/m/n/10 し
 []


Overfull \hbox (12.65881pt too wide) in paragraph at lines 4--35
\JY1/mc/m/n/10 た ．
 []


Overfull \hbox (10.9861pt too wide) in paragraph at lines 4--35
\OT1/cmr/m/n/10 [[]]
 []


Overfull \hbox (9.62216pt too wide) in paragraph at lines 4--35
\JY1/mc/m/n/10 は
 []


Overfull \hbox (9.62216pt too wide) in paragraph at lines 4--35
\JY1/mc/m/n/10 緯
 []


Overfull \hbox (9.62216pt too wide) in paragraph at lines 4--35
\JY1/mc/m/n/10 度
 []


Overfull \hbox (14.59726pt too wide) in paragraph at lines 4--35
\OT1/cmr/m/n/10 60[]$
 []


Overfull \hbox (9.62216pt too wide) in paragraph at lines 4--35
\JY1/mc/m/n/10 よ
 []


Overfull \hbox (9.62216pt too wide) in paragraph at lines 4--35
\JY1/mc/m/n/10 り
 []


Overfull \hbox (9.62216pt too wide) in paragraph at lines 4--35
\JY1/mc/m/n/10 高
 []


Overfull \hbox (9.62216pt too wide) in paragraph at lines 4--35
\JY1/mc/m/n/10 緯
 []


Overfull \hbox (9.62216pt too wide) in paragraph at lines 4--35
\JY1/mc/m/n/10 度
 []


Overfull \hbox (9.62216pt too wide) in paragraph at lines 4--35
\JY1/mc/m/n/10 の
 []


Overfull \hbox (9.62216pt too wide) in paragraph at lines 4--35
\JY1/mc/m/n/10 極
 []


Overfull \hbox (9.62216pt too wide) in paragraph at lines 4--35
\JY1/mc/m/n/10 域
 []


Overfull \hbox (9.62216pt too wide) in paragraph at lines 4--35
\JY1/mc/m/n/10 を
 []


Overfull \hbox (9.62216pt too wide) in paragraph at lines 4--35
\JY1/mc/m/n/10 計
 []


Overfull \hbox (9.62216pt too wide) in paragraph at lines 4--35
\JY1/mc/m/n/10 算
 []


Overfull \hbox (12.65881pt too wide) in paragraph at lines 4--35
\JY1/mc/m/n/10 し ，
 []


Overfull \hbox (9.62216pt too wide) in paragraph at lines 4--35
\JY1/mc/m/n/10 極
 []


Overfull \hbox (9.62216pt too wide) in paragraph at lines 4--35
\JY1/mc/m/n/10 渦
 []


Overfull \hbox (9.62216pt too wide) in paragraph at lines 4--35
\JY1/mc/m/n/10 が
 []


Overfull \hbox (9.62216pt too wide) in paragraph at lines 4--35
\JY1/mc/m/n/10 形
 []


Overfull \hbox (9.62216pt too wide) in paragraph at lines 4--35
\JY1/mc/m/n/10 成
 []


Overfull \hbox (9.62216pt too wide) in paragraph at lines 4--35
\JY1/mc/m/n/10 さ
 []


Overfull \hbox (9.62216pt too wide) in paragraph at lines 4--35
\JY1/mc/m/n/10 れ
 []


Overfull \hbox (9.62216pt too wide) in paragraph at lines 4--35
\JY1/mc/m/n/10 る
 []


Overfull \hbox (9.62216pt too wide) in paragraph at lines 4--35
\JY1/mc/m/n/10 こ
 []


Overfull \hbox (9.62216pt too wide) in paragraph at lines 4--35
\JY1/mc/m/n/10 と
 []


Overfull \hbox (9.62216pt too wide) in paragraph at lines 4--35
\JY1/mc/m/n/10 を
 []


Overfull \hbox (9.62216pt too wide) in paragraph at lines 4--35
\JY1/mc/m/n/10 示
 []


Overfull \hbox (9.62216pt too wide) in paragraph at lines 4--35
\JY1/mc/m/n/10 し
 []


Overfull \hbox (12.65881pt too wide) in paragraph at lines 4--35
\JY1/mc/m/n/10 た ．
 []


Overfull \hbox (9.62216pt too wide) in paragraph at lines 4--35
\JY1/mc/m/n/10 そ
 []


Overfull \hbox (9.62216pt too wide) in paragraph at lines 4--35
\JY1/mc/m/n/10 し
 []


Overfull \hbox (12.65881pt too wide) in paragraph at lines 4--35
\JY1/mc/m/n/10 て ，
 []


Overfull \hbox (9.62216pt too wide) in paragraph at lines 4--35
\JY1/mc/m/n/10 極
 []


Overfull \hbox (9.62216pt too wide) in paragraph at lines 4--35
\JY1/mc/m/n/10 渦
 []


Overfull \hbox (9.62216pt too wide) in paragraph at lines 4--35
\JY1/mc/m/n/10 の
 []


Overfull \hbox (9.62216pt too wide) in paragraph at lines 4--35
\JY1/mc/m/n/10 数
 []


Overfull \hbox (9.62216pt too wide) in paragraph at lines 4--35
\JY1/mc/m/n/10 や
 []


Overfull \hbox (9.62216pt too wide) in paragraph at lines 4--35
\JY1/mc/m/n/10 大
 []


Overfull \hbox (9.62216pt too wide) in paragraph at lines 4--35
\JY1/mc/m/n/10 き
 []


Overfull \hbox (12.65881pt too wide) in paragraph at lines 4--35
\JY1/mc/m/n/10 さ ，
 []


Overfull \hbox (9.62216pt too wide) in paragraph at lines 4--35
\JY1/mc/m/n/10 渦
 []


Overfull \hbox (9.62216pt too wide) in paragraph at lines 4--35
\JY1/mc/m/n/10 度
 []


Overfull \hbox (9.62216pt too wide) in paragraph at lines 4--35
\JY1/mc/m/n/10 の
 []


Overfull \hbox (9.62216pt too wide) in paragraph at lines 4--35
\JY1/mc/m/n/10 符
 []


Overfull \hbox (9.62216pt too wide) in paragraph at lines 4--35
\JY1/mc/m/n/10 号
 []


Overfull \hbox (9.62216pt too wide) in paragraph at lines 4--35
\JY1/mc/m/n/10 と
 []


Overfull \hbox (9.62216pt too wide) in paragraph at lines 4--35
\JY1/mc/m/n/10 い
 []


Overfull \hbox (7.47433pt too wide) in paragraph at lines 4--35
\JY1/mc/m/n/10 っ
 []


Overfull \hbox (9.62216pt too wide) in paragraph at lines 4--35
\JY1/mc/m/n/10 た
 []


Overfull \hbox (9.62216pt too wide) in paragraph at lines 4--35
\JY1/mc/m/n/10 特
 []


Overfull \hbox (9.62216pt too wide) in paragraph at lines 4--35
\JY1/mc/m/n/10 徴
 []


Overfull \hbox (9.62216pt too wide) in paragraph at lines 4--35
\JY1/mc/m/n/10 は
 []


Overfull \hbox (29.91673pt too wide) in paragraph at lines 4--35
\OT1/cmr/m/n/10 Burger
 []


Overfull \hbox (9.62216pt too wide) in paragraph at lines 4--35
\JY1/mc/m/n/10 数
 []


Overfull \hbox (13.51106pt too wide) in paragraph at lines 4--35
\OT1/cmr/m/n/10 (\JY1/mc/m/n/10 変
 []


Overfull \hbox (9.62216pt too wide) in paragraph at lines 4--35
\JY1/mc/m/n/10 形
 []


Overfull \hbox (9.62216pt too wide) in paragraph at lines 4--35
\JY1/mc/m/n/10 半
 []


Overfull \hbox (9.62216pt too wide) in paragraph at lines 4--35
\JY1/mc/m/n/10 径
 []


Overfull \hbox (9.62216pt too wide) in paragraph at lines 4--35
\JY1/mc/m/n/10 と
 []


Overfull \hbox (9.62216pt too wide) in paragraph at lines 4--35
\JY1/mc/m/n/10 惑
 []


Overfull \hbox (9.62216pt too wide) in paragraph at lines 4--35
\JY1/mc/m/n/10 星
 []


Overfull \hbox (9.62216pt too wide) in paragraph at lines 4--35
\JY1/mc/m/n/10 半
 []


Overfull \hbox (9.62216pt too wide) in paragraph at lines 4--35
\JY1/mc/m/n/10 径
 []


Overfull \hbox (9.62216pt too wide) in paragraph at lines 4--35
\JY1/mc/m/n/10 の
 []


Overfull \hbox (9.62216pt too wide) in paragraph at lines 4--35
\JY1/mc/m/n/10 比
 []


Overfull \hbox (9.62216pt too wide) in paragraph at lines 4--35
\JY1/mc/m/n/10 で
 []


Overfull \hbox (9.62216pt too wide) in paragraph at lines 4--35
\JY1/mc/m/n/10 書
 []


Overfull \hbox (9.62216pt too wide) in paragraph at lines 4--35
\JY1/mc/m/n/10 か
 []


Overfull \hbox (9.62216pt too wide) in paragraph at lines 4--35
\JY1/mc/m/n/10 れ
 []


Overfull \hbox (9.62216pt too wide) in paragraph at lines 4--35
\JY1/mc/m/n/10 る
 []


Overfull \hbox (9.62216pt too wide) in paragraph at lines 4--35
\JY1/mc/m/n/10 無
 []


Overfull \hbox (9.62216pt too wide) in paragraph at lines 4--35
\JY1/mc/m/n/10 次
 []


Overfull \hbox (9.62216pt too wide) in paragraph at lines 4--35
\JY1/mc/m/n/10 元
 []


Overfull \hbox (13.51106pt too wide) in paragraph at lines 4--35
\JY1/mc/m/n/10 量\OT1/cmr/m/n/10 )
 []


Overfull \hbox (9.62216pt too wide) in paragraph at lines 4--35
\JY1/mc/m/n/10 の
 []


Overfull \hbox (9.62216pt too wide) in paragraph at lines 4--35
\JY1/mc/m/n/10 値
 []


Overfull \hbox (9.62216pt too wide) in paragraph at lines 4--35
\JY1/mc/m/n/10 に
 []


Overfull \hbox (9.62216pt too wide) in paragraph at lines 4--35
\JY1/mc/m/n/10 強
 []


Overfull \hbox (9.62216pt too wide) in paragraph at lines 4--35
\JY1/mc/m/n/10 く
 []


Overfull \hbox (9.62216pt too wide) in paragraph at lines 4--35
\JY1/mc/m/n/10 依
 []


Overfull \hbox (9.62216pt too wide) in paragraph at lines 4--35
\JY1/mc/m/n/10 存
 []


Overfull \hbox (9.62216pt too wide) in paragraph at lines 4--35
\JY1/mc/m/n/10 す
 []


Overfull \hbox (9.62216pt too wide) in paragraph at lines 4--35
\JY1/mc/m/n/10 る
 []


Overfull \hbox (9.62216pt too wide) in paragraph at lines 4--35
\JY1/mc/m/n/10 結
 []


Overfull \hbox (9.62216pt too wide) in paragraph at lines 4--35
\JY1/mc/m/n/10 果
 []


Overfull \hbox (9.62216pt too wide) in paragraph at lines 4--35
\JY1/mc/m/n/10 を
 []


Overfull \hbox (9.62216pt too wide) in paragraph at lines 4--35
\JY1/mc/m/n/10 得
 []


Overfull \hbox (12.65881pt too wide) in paragraph at lines 4--35
\JY1/mc/m/n/10 た ． 
 []


! LaTeX Error: The font size command \normalsize is not defined:
               there is probably something wrong with the class file.

See the LaTeX manual or LaTeX Companion for explanation.
Type  H <return>  for immediate help.
 ...                                              
                                                  
l.35 
     
Your command was ignored.
Type  I <command> <return>  to replace it with another command,
or  <return>  to continue without it.

[1]

! LaTeX Error: Missing \begin{document}.

See the LaTeX manual or LaTeX Companion for explanation.
Type  H <return>  for immediate help.
 ...                                              
                                                  
l.36 し
       かし，\cite{Showman2007}, \cite{Brueshaber2019}　はどちらも領域計算で...

You're in trouble here.  Try typing  <return>  to proceed.
If that doesn't work, type  X <return>  to quit.

\citation{Showman2007}
! Undefined control sequence.
<write> ...: Citation `\@citeb ' on page \thepage 
                                                  \space undefined\on@line .^^J
l.36 しかし，\cite{Showman2007}
                               , \cite{Brueshaber2019}　はどちらも領域計算で...
The control sequence at the end of the top line
of your error message was never \def'ed. If you have
misspelled it (e.g., `\hobx'), type `I' and the correct
spelling (e.g., `I\hbox'). Otherwise just continue,
and I'll forget about whatever was undefined.


LaTeX Warning: Citation `Showman2007' on page  undefined on input line 36.

\citation{Brueshaber2019}
! Undefined control sequence.
<write> ...: Citation `\@citeb ' on page \thepage 
                                                  \space undefined\on@line .^^J
l.36 ...\cite{Showman2007}, \cite{Brueshaber2019}
                                                 　はどちらも領域計算であった．
The control sequence at the end of the top line
of your error message was never \def'ed. If you have
misspelled it (e.g., `\hobx'), type `I' and the correct
spelling (e.g., `I\hbox'). Otherwise just continue,
and I'll forget about whatever was undefined.


LaTeX Warning: Citation `Brueshaber2019' on page  undefined on input line 36.


Overfull \hbox (29.62216pt too wide) in paragraph at lines 36--49
[]\JY1/mc/m/n/10 し
 []


Overfull \hbox (9.62216pt too wide) in paragraph at lines 36--49
\JY1/mc/m/n/10 か
 []


Overfull \hbox (12.65881pt too wide) in paragraph at lines 36--49
\JY1/mc/m/n/10 し ，
 []


Overfull \hbox (13.76389pt too wide) in paragraph at lines 36--49
\OT1/cmr/m/n/10 [[]],
 []


Overfull \hbox (10.9861pt too wide) in paragraph at lines 36--49
\OT1/cmr/m/n/10 [[]]
 []


Overfull \hbox (9.62216pt too wide) in paragraph at lines 36--49
\JY1/mc/m/n/10 　
 []


Overfull \hbox (9.62216pt too wide) in paragraph at lines 36--49
\JY1/mc/m/n/10 は
 []


Overfull \hbox (9.62216pt too wide) in paragraph at lines 36--49
\JY1/mc/m/n/10 ど
 []


Overfull \hbox (9.62216pt too wide) in paragraph at lines 36--49
\JY1/mc/m/n/10 ち
 []


Overfull \hbox (9.62216pt too wide) in paragraph at lines 36--49
\JY1/mc/m/n/10 ら
 []


Overfull \hbox (9.62216pt too wide) in paragraph at lines 36--49
\JY1/mc/m/n/10 も
 []


Overfull \hbox (9.62216pt too wide) in paragraph at lines 36--49
\JY1/mc/m/n/10 領
 []


Overfull \hbox (9.62216pt too wide) in paragraph at lines 36--49
\JY1/mc/m/n/10 域
 []


Overfull \hbox (9.62216pt too wide) in paragraph at lines 36--49
\JY1/mc/m/n/10 計
 []


Overfull \hbox (9.62216pt too wide) in paragraph at lines 36--49
\JY1/mc/m/n/10 算
 []


Overfull \hbox (9.62216pt too wide) in paragraph at lines 36--49
\JY1/mc/m/n/10 で
 []


Overfull \hbox (9.62216pt too wide) in paragraph at lines 36--49
\JY1/mc/m/n/10 あ
 []


Overfull \hbox (7.47433pt too wide) in paragraph at lines 36--49
\JY1/mc/m/n/10 っ
 []


Overfull \hbox (12.65881pt too wide) in paragraph at lines 36--49
\JY1/mc/m/n/10 た ．
 []


Overfull \hbox (9.62216pt too wide) in paragraph at lines 36--49
\JY1/mc/m/n/10 そ
 []


Overfull \hbox (9.62216pt too wide) in paragraph at lines 36--49
\JY1/mc/m/n/10 の
 []


Overfull \hbox (9.62216pt too wide) in paragraph at lines 36--49
\JY1/mc/m/n/10 た
 []


Overfull \hbox (12.65881pt too wide) in paragraph at lines 36--49
\JY1/mc/m/n/10 め ，
 []


Overfull \hbox (9.62216pt too wide) in paragraph at lines 36--49
\JY1/mc/m/n/10 全
 []


Overfull \hbox (9.62216pt too wide) in paragraph at lines 36--49
\JY1/mc/m/n/10 球
 []


Overfull \hbox (9.62216pt too wide) in paragraph at lines 36--49
\JY1/mc/m/n/10 計
 []


Overfull \hbox (9.62216pt too wide) in paragraph at lines 36--49
\JY1/mc/m/n/10 算
 []


Overfull \hbox (9.62216pt too wide) in paragraph at lines 36--49
\JY1/mc/m/n/10 を
 []


Overfull \hbox (9.62216pt too wide) in paragraph at lines 36--49
\JY1/mc/m/n/10 行
 []


Overfull \hbox (12.65881pt too wide) in paragraph at lines 36--49
\JY1/mc/m/n/10 い ，
 []


Overfull \hbox (9.62216pt too wide) in paragraph at lines 36--49
\JY1/mc/m/n/10 彼
 []


Overfull \hbox (9.62216pt too wide) in paragraph at lines 36--49
\JY1/mc/m/n/10 ら
 []


Overfull \hbox (9.62216pt too wide) in paragraph at lines 36--49
\JY1/mc/m/n/10 の
 []


Overfull \hbox (9.62216pt too wide) in paragraph at lines 36--49
\JY1/mc/m/n/10 結
 []


Overfull \hbox (9.62216pt too wide) in paragraph at lines 36--49
\JY1/mc/m/n/10 果
 []


Overfull \hbox (9.62216pt too wide) in paragraph at lines 36--49
\JY1/mc/m/n/10 を
 []


Overfull \hbox (9.62216pt too wide) in paragraph at lines 36--49
\JY1/mc/m/n/10 確
 []


Overfull \hbox (9.62216pt too wide) in paragraph at lines 36--49
\JY1/mc/m/n/10 か
 []


Overfull \hbox (9.62216pt too wide) in paragraph at lines 36--49
\JY1/mc/m/n/10 め
 []


Overfull \hbox (9.62216pt too wide) in paragraph at lines 36--49
\JY1/mc/m/n/10 る
 []


Overfull \hbox (9.62216pt too wide) in paragraph at lines 36--49
\JY1/mc/m/n/10 必
 []


Overfull \hbox (9.62216pt too wide) in paragraph at lines 36--49
\JY1/mc/m/n/10 要
 []


Overfull \hbox (9.62216pt too wide) in paragraph at lines 36--49
\JY1/mc/m/n/10 が
 []


Overfull \hbox (9.62216pt too wide) in paragraph at lines 36--49
\JY1/mc/m/n/10 あ
 []


Overfull \hbox (12.65881pt too wide) in paragraph at lines 36--49
\JY1/mc/m/n/10 る ．
 []


Overfull \hbox (9.62216pt too wide) in paragraph at lines 36--49
\JY1/mc/m/n/10 な
 []


Overfull \hbox (9.62216pt too wide) in paragraph at lines 36--49
\JY1/mc/m/n/10 ぜ
 []


Overfull \hbox (9.62216pt too wide) in paragraph at lines 36--49
\JY1/mc/m/n/10 な
 []


Overfull \hbox (12.65881pt too wide) in paragraph at lines 36--49
\JY1/mc/m/n/10 ら ，
 []


Overfull \hbox (9.62216pt too wide) in paragraph at lines 36--49
\JY1/mc/m/n/10 先
 []


Overfull \hbox (9.62216pt too wide) in paragraph at lines 36--49
\JY1/mc/m/n/10 行
 []


Overfull \hbox (9.62216pt too wide) in paragraph at lines 36--49
\JY1/mc/m/n/10 研
 []


Overfull \hbox (9.62216pt too wide) in paragraph at lines 36--49
\JY1/mc/m/n/10 究
 []


Overfull \hbox (9.62216pt too wide) in paragraph at lines 36--49
\JY1/mc/m/n/10 で
 []


Overfull \hbox (9.62216pt too wide) in paragraph at lines 36--49
\JY1/mc/m/n/10 は
 []


Overfull \hbox (9.62216pt too wide) in paragraph at lines 36--49
\JY1/mc/m/n/10 考
 []


Overfull \hbox (9.62216pt too wide) in paragraph at lines 36--49
\JY1/mc/m/n/10 慮
 []


Overfull \hbox (9.62216pt too wide) in paragraph at lines 36--49
\JY1/mc/m/n/10 さ
 []


Overfull \hbox (9.62216pt too wide) in paragraph at lines 36--49
\JY1/mc/m/n/10 れ
 []


Overfull \hbox (9.62216pt too wide) in paragraph at lines 36--49
\JY1/mc/m/n/10 て
 []


Overfull \hbox (9.62216pt too wide) in paragraph at lines 36--49
\JY1/mc/m/n/10 い
 []


Overfull \hbox (9.62216pt too wide) in paragraph at lines 36--49
\JY1/mc/m/n/10 な
 []


Overfull \hbox (9.62216pt too wide) in paragraph at lines 36--49
\JY1/mc/m/n/10 い
 []


Overfull \hbox (9.62216pt too wide) in paragraph at lines 36--49
\JY1/mc/m/n/10 計
 []


Overfull \hbox (9.62216pt too wide) in paragraph at lines 36--49
\JY1/mc/m/n/10 算
 []


Overfull \hbox (9.62216pt too wide) in paragraph at lines 36--49
\JY1/mc/m/n/10 領
 []


Overfull \hbox (9.62216pt too wide) in paragraph at lines 36--49
\JY1/mc/m/n/10 域
 []


Overfull \hbox (9.62216pt too wide) in paragraph at lines 36--49
\JY1/mc/m/n/10 外
 []


Overfull \hbox (9.62216pt too wide) in paragraph at lines 36--49
\JY1/mc/m/n/10 か
 []


Overfull \hbox (9.62216pt too wide) in paragraph at lines 36--49
\JY1/mc/m/n/10 ら
 []


Overfull \hbox (9.62216pt too wide) in paragraph at lines 36--49
\JY1/mc/m/n/10 の
 []


Overfull \hbox (9.62216pt too wide) in paragraph at lines 36--49
\JY1/mc/m/n/10 運
 []


Overfull \hbox (9.62216pt too wide) in paragraph at lines 36--49
\JY1/mc/m/n/10 動
 []


Overfull \hbox (9.62216pt too wide) in paragraph at lines 36--49
\JY1/mc/m/n/10 量
 []


Overfull \hbox (9.62216pt too wide) in paragraph at lines 36--49
\JY1/mc/m/n/10 輸
 []


Overfull \hbox (9.62216pt too wide) in paragraph at lines 36--49
\JY1/mc/m/n/10 送
 []


Overfull \hbox (9.62216pt too wide) in paragraph at lines 36--49
\JY1/mc/m/n/10 な
 []


Overfull \hbox (9.62216pt too wide) in paragraph at lines 36--49
\JY1/mc/m/n/10 ど
 []


Overfull \hbox (9.62216pt too wide) in paragraph at lines 36--49
\JY1/mc/m/n/10 に
 []


Overfull \hbox (9.62216pt too wide) in paragraph at lines 36--49
\JY1/mc/m/n/10 よ
 []


Overfull \hbox (12.67767pt too wide) in paragraph at lines 36--49
\JY1/mc/m/n/10 り，
 []


Overfull \hbox (9.62216pt too wide) in paragraph at lines 36--49
\JY1/mc/m/n/10 計
 []


Overfull \hbox (9.62216pt too wide) in paragraph at lines 36--49
\JY1/mc/m/n/10 算
 []


Overfull \hbox (9.62216pt too wide) in paragraph at lines 36--49
\JY1/mc/m/n/10 で
 []


Overfull \hbox (9.62216pt too wide) in paragraph at lines 36--49
\JY1/mc/m/n/10 得
 []


Overfull \hbox (9.62216pt too wide) in paragraph at lines 36--49
\JY1/mc/m/n/10 ら
 []


Overfull \hbox (9.62216pt too wide) in paragraph at lines 36--49
\JY1/mc/m/n/10 れ
 []


Overfull \hbox (9.62216pt too wide) in paragraph at lines 36--49
\JY1/mc/m/n/10 た
 []


Overfull \hbox (9.62216pt too wide) in paragraph at lines 36--49
\JY1/mc/m/n/10 ジ
 []


Overfull \hbox (7.47433pt too wide) in paragraph at lines 36--49
\JY1/mc/m/n/10 ェ
 []


Overfull \hbox (7.47433pt too wide) in paragraph at lines 36--49
\JY1/mc/m/n/10 ッ
 []


Overfull \hbox (9.62216pt too wide) in paragraph at lines 36--49
\JY1/mc/m/n/10 ト
 []


Overfull \hbox (9.62216pt too wide) in paragraph at lines 36--49
\JY1/mc/m/n/10 や
 []


Overfull \hbox (9.62216pt too wide) in paragraph at lines 36--49
\JY1/mc/m/n/10 渦
 []


Overfull \hbox (9.62216pt too wide) in paragraph at lines 36--49
\JY1/mc/m/n/10 の
 []


Overfull \hbox (9.62216pt too wide) in paragraph at lines 36--49
\JY1/mc/m/n/10 構
 []


Overfull \hbox (9.62216pt too wide) in paragraph at lines 36--49
\JY1/mc/m/n/10 造
 []


Overfull \hbox (9.62216pt too wide) in paragraph at lines 36--49
\JY1/mc/m/n/10 が
 []


Overfull \hbox (9.62216pt too wide) in paragraph at lines 36--49
\JY1/mc/m/n/10 変
 []


Overfull \hbox (9.62216pt too wide) in paragraph at lines 36--49
\JY1/mc/m/n/10 化
 []


Overfull \hbox (9.62216pt too wide) in paragraph at lines 36--49
\JY1/mc/m/n/10 す
 []


Overfull \hbox (9.62216pt too wide) in paragraph at lines 36--49
\JY1/mc/m/n/10 る
 []


Overfull \hbox (9.62216pt too wide) in paragraph at lines 36--49
\JY1/mc/m/n/10 可
 []


Overfull \hbox (9.62216pt too wide) in paragraph at lines 36--49
\JY1/mc/m/n/10 能
 []


Overfull \hbox (9.62216pt too wide) in paragraph at lines 36--49
\JY1/mc/m/n/10 性
 []


Overfull \hbox (9.62216pt too wide) in paragraph at lines 36--49
\JY1/mc/m/n/10 が
 []


Overfull \hbox (9.62216pt too wide) in paragraph at lines 36--49
\JY1/mc/m/n/10 あ
 []


Overfull \hbox (9.62216pt too wide) in paragraph at lines 36--49
\JY1/mc/m/n/10 る
 []


Overfull \hbox (9.62216pt too wide) in paragraph at lines 36--49
\JY1/mc/m/n/10 か
 []


Overfull \hbox (9.62216pt too wide) in paragraph at lines 36--49
\JY1/mc/m/n/10 ら
 []


Overfull \hbox (9.62216pt too wide) in paragraph at lines 36--49
\JY1/mc/m/n/10 で
 []


Overfull \hbox (9.62216pt too wide) in paragraph at lines 36--49
\JY1/mc/m/n/10 あ
 []


Overfull \hbox (12.65881pt too wide) in paragraph at lines 36--49
\JY1/mc/m/n/10 る ．
 []


Overfull \hbox (9.62216pt too wide) in paragraph at lines 36--49
\JY1/mc/m/n/10 本
 []


Overfull \hbox (9.62216pt too wide) in paragraph at lines 36--49
\JY1/mc/m/n/10 研
 []


Overfull \hbox (9.62216pt too wide) in paragraph at lines 36--49
\JY1/mc/m/n/10 究
 []


Overfull \hbox (9.62216pt too wide) in paragraph at lines 36--49
\JY1/mc/m/n/10 の
 []


Overfull \hbox (9.62216pt too wide) in paragraph at lines 36--49
\JY1/mc/m/n/10 目
 []


Overfull \hbox (9.62216pt too wide) in paragraph at lines 36--49
\JY1/mc/m/n/10 的
 []


Overfull \hbox (9.62216pt too wide) in paragraph at lines 36--49
\JY1/mc/m/n/10 は
 []


Overfull \hbox (9.62216pt too wide) in paragraph at lines 36--49
\JY1/mc/m/n/10 雷
 []


Overfull \hbox (9.62216pt too wide) in paragraph at lines 36--49
\JY1/mc/m/n/10 雲
 []


Overfull \hbox (9.62216pt too wide) in paragraph at lines 36--49
\JY1/mc/m/n/10 を
 []


Overfull \hbox (9.62216pt too wide) in paragraph at lines 36--49
\JY1/mc/m/n/10 想
 []


Overfull \hbox (9.62216pt too wide) in paragraph at lines 36--49
\JY1/mc/m/n/10 定
 []


Overfull \hbox (9.62216pt too wide) in paragraph at lines 36--49
\JY1/mc/m/n/10 し
 []


Overfull \hbox (9.62216pt too wide) in paragraph at lines 36--49
\JY1/mc/m/n/10 て
 []


Overfull \hbox (9.62216pt too wide) in paragraph at lines 36--49
\JY1/mc/m/n/10 与
 []


Overfull \hbox (9.62216pt too wide) in paragraph at lines 36--49
\JY1/mc/m/n/10 え
 []


Overfull \hbox (9.62216pt too wide) in paragraph at lines 36--49
\JY1/mc/m/n/10 た
 []


Overfull \hbox (9.62216pt too wide) in paragraph at lines 36--49
\JY1/mc/m/n/10 質
 []


Overfull \hbox (9.62216pt too wide) in paragraph at lines 36--49
\JY1/mc/m/n/10 量
 []


Overfull \hbox (9.62216pt too wide) in paragraph at lines 36--49
\JY1/mc/m/n/10 強
 []


Overfull \hbox (9.62216pt too wide) in paragraph at lines 36--49
\JY1/mc/m/n/10 制
 []


Overfull \hbox (9.62216pt too wide) in paragraph at lines 36--49
\JY1/mc/m/n/10 に
 []


Overfull \hbox (9.62216pt too wide) in paragraph at lines 36--49
\JY1/mc/m/n/10 よ
 []


Overfull \hbox (9.62216pt too wide) in paragraph at lines 36--49
\JY1/mc/m/n/10 る
 []


Overfull \hbox (9.62216pt too wide) in paragraph at lines 36--49
\JY1/mc/m/n/10 数
 []


Overfull \hbox (9.62216pt too wide) in paragraph at lines 36--49
\JY1/mc/m/n/10 値
 []


Overfull \hbox (9.62216pt too wide) in paragraph at lines 36--49
\JY1/mc/m/n/10 実
 []


Overfull \hbox (9.62216pt too wide) in paragraph at lines 36--49
\JY1/mc/m/n/10 験
 []


Overfull \hbox (9.62216pt too wide) in paragraph at lines 36--49
\JY1/mc/m/n/10 を
 []


Overfull \hbox (9.62216pt too wide) in paragraph at lines 36--49
\JY1/mc/m/n/10 全
 []


Overfull \hbox (9.62216pt too wide) in paragraph at lines 36--49
\JY1/mc/m/n/10 球
 []


Overfull \hbox (9.62216pt too wide) in paragraph at lines 36--49
\JY1/mc/m/n/10 で
 []


Overfull \hbox (9.62216pt too wide) in paragraph at lines 36--49
\JY1/mc/m/n/10 行
 []


Overfull \hbox (12.65881pt too wide) in paragraph at lines 36--49
\JY1/mc/m/n/10 い ，
 []


Overfull \hbox (9.62216pt too wide) in paragraph at lines 36--49
\JY1/mc/m/n/10 雷
 []


Overfull \hbox (9.62216pt too wide) in paragraph at lines 36--49
\JY1/mc/m/n/10 雲
 []


Overfull \hbox (9.62216pt too wide) in paragraph at lines 36--49
\JY1/mc/m/n/10 に
 []


Overfull \hbox (9.62216pt too wide) in paragraph at lines 36--49
\JY1/mc/m/n/10 よ
 []


Overfull \hbox (9.62216pt too wide) in paragraph at lines 36--49
\JY1/mc/m/n/10 る
 []


Overfull \hbox (9.62216pt too wide) in paragraph at lines 36--49
\JY1/mc/m/n/10 強
 []


Overfull \hbox (9.62216pt too wide) in paragraph at lines 36--49
\JY1/mc/m/n/10 制
 []


Overfull \hbox (9.62216pt too wide) in paragraph at lines 36--49
\JY1/mc/m/n/10 に
 []


Overfull \hbox (9.62216pt too wide) in paragraph at lines 36--49
\JY1/mc/m/n/10 よ
 []


Overfull \hbox (12.67767pt too wide) in paragraph at lines 36--49
\JY1/mc/m/n/10 り，
 []


Overfull \hbox (9.62216pt too wide) in paragraph at lines 36--49
\JY1/mc/m/n/10 巨
 []


Overfull \hbox (9.62216pt too wide) in paragraph at lines 36--49
\JY1/mc/m/n/10 大
 []


Overfull \hbox (9.62216pt too wide) in paragraph at lines 36--49
\JY1/mc/m/n/10 惑
 []


Overfull \hbox (9.62216pt too wide) in paragraph at lines 36--49
\JY1/mc/m/n/10 星
 []


Overfull \hbox (9.62216pt too wide) in paragraph at lines 36--49
\JY1/mc/m/n/10 で
 []


Overfull \hbox (9.62216pt too wide) in paragraph at lines 36--49
\JY1/mc/m/n/10 見
 []


Overfull \hbox (9.62216pt too wide) in paragraph at lines 36--49
\JY1/mc/m/n/10 ら
 []


Overfull \hbox (9.62216pt too wide) in paragraph at lines 36--49
\JY1/mc/m/n/10 れ
 []


Overfull \hbox (9.62216pt too wide) in paragraph at lines 36--49
\JY1/mc/m/n/10 る
 []


Overfull \hbox (9.62216pt too wide) in paragraph at lines 36--49
\JY1/mc/m/n/10 帯
 []


Overfull \hbox (9.62216pt too wide) in paragraph at lines 36--49
\JY1/mc/m/n/10 状
 []


Overfull \hbox (9.62216pt too wide) in paragraph at lines 36--49
\JY1/mc/m/n/10 構
 []


Overfull \hbox (9.62216pt too wide) in paragraph at lines 36--49
\JY1/mc/m/n/10 造
 []


Overfull \hbox (9.62216pt too wide) in paragraph at lines 36--49
\JY1/mc/m/n/10 と
 []


Overfull \hbox (9.62216pt too wide) in paragraph at lines 36--49
\JY1/mc/m/n/10 極
 []


Overfull \hbox (9.62216pt too wide) in paragraph at lines 36--49
\JY1/mc/m/n/10 渦
 []


Overfull \hbox (9.62216pt too wide) in paragraph at lines 36--49
\JY1/mc/m/n/10 が
 []


Overfull \hbox (9.62216pt too wide) in paragraph at lines 36--49
\JY1/mc/m/n/10 形
 []


Overfull \hbox (9.62216pt too wide) in paragraph at lines 36--49
\JY1/mc/m/n/10 成
 []


Overfull \hbox (9.62216pt too wide) in paragraph at lines 36--49
\JY1/mc/m/n/10 さ
 []


Overfull \hbox (9.62216pt too wide) in paragraph at lines 36--49
\JY1/mc/m/n/10 れ
 []


Overfull \hbox (9.62216pt too wide) in paragraph at lines 36--49
\JY1/mc/m/n/10 る
 []


Overfull \hbox (9.62216pt too wide) in paragraph at lines 36--49
\JY1/mc/m/n/10 の
 []


Overfull \hbox (9.62216pt too wide) in paragraph at lines 36--49
\JY1/mc/m/n/10 か
 []


Overfull \hbox (9.62216pt too wide) in paragraph at lines 36--49
\JY1/mc/m/n/10 を
 []


Overfull \hbox (9.62216pt too wide) in paragraph at lines 36--49
\JY1/mc/m/n/10 調
 []


Overfull \hbox (9.62216pt too wide) in paragraph at lines 36--49
\JY1/mc/m/n/10 べ
 []


Overfull \hbox (9.62216pt too wide) in paragraph at lines 36--49
\JY1/mc/m/n/10 る
 []


Overfull \hbox (9.62216pt too wide) in paragraph at lines 36--49
\JY1/mc/m/n/10 こ
 []


Overfull \hbox (9.62216pt too wide) in paragraph at lines 36--49
\JY1/mc/m/n/10 と
 []


Overfull \hbox (9.62216pt too wide) in paragraph at lines 36--49
\JY1/mc/m/n/10 で
 []


Overfull \hbox (9.62216pt too wide) in paragraph at lines 36--49
\JY1/mc/m/n/10 あ
 []


Overfull \hbox (12.65881pt too wide) in paragraph at lines 36--49
\JY1/mc/m/n/10 る ．
 []


Overfull \hbox (9.62216pt too wide) in paragraph at lines 36--49
\JY1/mc/m/n/10 加
 []


Overfull \hbox (9.62216pt too wide) in paragraph at lines 36--49
\JY1/mc/m/n/10 え
 []


Overfull \hbox (12.65881pt too wide) in paragraph at lines 36--49
\JY1/mc/m/n/10 て ，
 []


Overfull \hbox (9.62216pt too wide) in paragraph at lines 36--49
\JY1/mc/m/n/10 そ
 []


Overfull \hbox (9.62216pt too wide) in paragraph at lines 36--49
\JY1/mc/m/n/10 れ
 []


Overfull \hbox (9.62216pt too wide) in paragraph at lines 36--49
\JY1/mc/m/n/10 ら
 []


Overfull \hbox (9.62216pt too wide) in paragraph at lines 36--49
\JY1/mc/m/n/10 の
 []


Overfull \hbox (9.62216pt too wide) in paragraph at lines 36--49
\JY1/mc/m/n/10 構
 []


Overfull \hbox (9.62216pt too wide) in paragraph at lines 36--49
\JY1/mc/m/n/10 造
 []


Overfull \hbox (9.62216pt too wide) in paragraph at lines 36--49
\JY1/mc/m/n/10 を
 []


Overfull \hbox (9.62216pt too wide) in paragraph at lines 36--49
\JY1/mc/m/n/10 先
 []


Overfull \hbox (9.62216pt too wide) in paragraph at lines 36--49
\JY1/mc/m/n/10 行
 []


Overfull \hbox (9.62216pt too wide) in paragraph at lines 36--49
\JY1/mc/m/n/10 研
 []


Overfull \hbox (9.62216pt too wide) in paragraph at lines 36--49
\JY1/mc/m/n/10 究
 []


Overfull \hbox (9.62216pt too wide) in paragraph at lines 36--49
\JY1/mc/m/n/10 で
 []


Overfull \hbox (9.62216pt too wide) in paragraph at lines 36--49
\JY1/mc/m/n/10 得
 []


Overfull \hbox (9.62216pt too wide) in paragraph at lines 36--49
\JY1/mc/m/n/10 ら
 []


Overfull \hbox (9.62216pt too wide) in paragraph at lines 36--49
\JY1/mc/m/n/10 れ
 []


Overfull \hbox (9.62216pt too wide) in paragraph at lines 36--49
\JY1/mc/m/n/10 た
 []


Overfull \hbox (9.62216pt too wide) in paragraph at lines 36--49
\JY1/mc/m/n/10 結
 []


Overfull \hbox (9.62216pt too wide) in paragraph at lines 36--49
\JY1/mc/m/n/10 果
 []


Overfull \hbox (9.62216pt too wide) in paragraph at lines 36--49
\JY1/mc/m/n/10 と
 []


Overfull \hbox (9.62216pt too wide) in paragraph at lines 36--49
\JY1/mc/m/n/10 比
 []


Overfull \hbox (9.62216pt too wide) in paragraph at lines 36--49
\JY1/mc/m/n/10 較
 []


Overfull \hbox (12.65881pt too wide) in paragraph at lines 36--49
\JY1/mc/m/n/10 し ，
 []


Overfull \hbox (9.62216pt too wide) in paragraph at lines 36--49
\JY1/mc/m/n/10 領
 []


Overfull \hbox (9.62216pt too wide) in paragraph at lines 36--49
\JY1/mc/m/n/10 域
 []


Overfull \hbox (9.62216pt too wide) in paragraph at lines 36--49
\JY1/mc/m/n/10 計
 []


Overfull \hbox (9.62216pt too wide) in paragraph at lines 36--49
\JY1/mc/m/n/10 算
 []


Overfull \hbox (9.62216pt too wide) in paragraph at lines 36--49
\JY1/mc/m/n/10 で
 []


Overfull \hbox (9.62216pt too wide) in paragraph at lines 36--49
\JY1/mc/m/n/10 得
 []


Overfull \hbox (9.62216pt too wide) in paragraph at lines 36--49
\JY1/mc/m/n/10 ら
 []


Overfull \hbox (9.62216pt too wide) in paragraph at lines 36--49
\JY1/mc/m/n/10 れ
 []


Overfull \hbox (9.62216pt too wide) in paragraph at lines 36--49
\JY1/mc/m/n/10 た
 []


Overfull \hbox (9.62216pt too wide) in paragraph at lines 36--49
\JY1/mc/m/n/10 結
 []


Overfull \hbox (9.62216pt too wide) in paragraph at lines 36--49
\JY1/mc/m/n/10 果
 []


Overfull \hbox (9.62216pt too wide) in paragraph at lines 36--49
\JY1/mc/m/n/10 の
 []


Overfull \hbox (9.62216pt too wide) in paragraph at lines 36--49
\JY1/mc/m/n/10 妥
 []


Overfull \hbox (9.62216pt too wide) in paragraph at lines 36--49
\JY1/mc/m/n/10 当
 []


Overfull \hbox (9.62216pt too wide) in paragraph at lines 36--49
\JY1/mc/m/n/10 性
 []


Overfull \hbox (9.62216pt too wide) in paragraph at lines 36--49
\JY1/mc/m/n/10 を
 []


Overfull \hbox (9.62216pt too wide) in paragraph at lines 36--49
\JY1/mc/m/n/10 調
 []


Overfull \hbox (9.62216pt too wide) in paragraph at lines 36--49
\JY1/mc/m/n/10 べ
 []


Overfull \hbox (12.65881pt too wide) in paragraph at lines 36--49
\JY1/mc/m/n/10 る ． 
 []


! LaTeX Error: Missing \begin{document}.

See the LaTeX manual or LaTeX Companion for explanation.
Type  H <return>  for immediate help.
 ...                                              
                                                  
l.51 本
       研究は地球流体電脳倶楽部の階層的地球スペクトルモデル集
You're in trouble here.  Try typing  <return>  to proceed.
If that doesn't work, type  X <return>  to quit.

\citation{spmodel2006}
! Undefined control sequence.
<write> ...: Citation `\@citeb ' on page \thepage 
                                                  \space undefined\on@line .^^J
l.52 (SPMODEL; \cite{spmodel2006}
                                 , \cite{spmodel2013})を用い，
The control sequence at the end of the top line
of your error message was never \def'ed. If you have
misspelled it (e.g., `\hobx'), type `I' and the correct
spelling (e.g., `I\hbox'). Otherwise just continue,
and I'll forget about whatever was undefined.


LaTeX Warning: Citation `spmodel2006' on page  undefined on input line 52.

\citation{spmodel2013}
! Undefined control sequence.
<write> ...: Citation `\@citeb ' on page \thepage 
                                                  \space undefined\on@line .^^J
l.52 ...EL; \cite{spmodel2006}, \cite{spmodel2013}
                                                  )を用い，
The control sequence at the end of the top line
of your error message was never \def'ed. If you have
misspelled it (e.g., `\hobx'), type `I' and the correct
spelling (e.g., `I\hbox'). Otherwise just continue,
and I'll forget about whatever was undefined.


LaTeX Warning: Citation `spmodel2013' on page  undefined on input line 52.

\citation{Showman2007}
! Undefined control sequence.
<write> ...: Citation `\@citeb ' on page \thepage 
                                                  \space undefined\on@line .^^J
l.56 \cite{Showman2007}
                        で得られた帯状構造と
The control sequence at the end of the top line
of your error message was never \def'ed. If you have
misspelled it (e.g., `\hobx'), type `I' and the correct
spelling (e.g., `I\hbox'). Otherwise just continue,
and I'll forget about whatever was undefined.


LaTeX Warning: Citation `Showman2007' on page  undefined on input line 56.

\citation{Brueshaber2019}
! Undefined control sequence.
<write> ...: Citation `\@citeb ' on page \thepage 
                                                  \space undefined\on@line .^^J
l.57 \cite{Brueshaber2019}
                           で得られた渦構造が形成するという結果が得られた．
The control sequence at the end of the top line
of your error message was never \def'ed. If you have
misspelled it (e.g., `\hobx'), type `I' and the correct
spelling (e.g., `I\hbox'). Otherwise just continue,
and I'll forget about whatever was undefined.


LaTeX Warning: Citation `Brueshaber2019' on page  undefined on input line 57.

\citation{Showman2007}
! Undefined control sequence.
<write> ...: Citation `\@citeb ' on page \thepage 
                                                  \space undefined\on@line .^^J
l.71 これらの結果は，\cite{Showman2007}
                                       , \cite{Brueshaber2019} で
The control sequence at the end of the top line
of your error message was never \def'ed. If you have
misspelled it (e.g., `\hobx'), type `I' and the correct
spelling (e.g., `I\hbox'). Otherwise just continue,
and I'll forget about whatever was undefined.


LaTeX Warning: Citation `Showman2007' on page  undefined on input line 71.

\citation{Brueshaber2019}
! Undefined control sequence.
<write> ...: Citation `\@citeb ' on page \thepage 
                                                  \space undefined\on@line .^^J
l.71 ...\cite{Showman2007}, \cite{Brueshaber2019}
                                                  で
The control sequence at the end of the top line
of your error message was never \def'ed. If you have
misspelled it (e.g., `\hobx'), type `I' and the correct
spelling (e.g., `I\hbox'). Otherwise just continue,
and I'll forget about whatever was undefined.


LaTeX Warning: Citation `Brueshaber2019' on page  undefined on input line 71.

\citation{Showman2007}
! Undefined control sequence.
<write> ...: Citation `\@citeb ' on page \thepage 
                                                  \space undefined\on@line .^^J
l.74 ただし，\cite{Showman2007}
                                と同じパラメータを使用した計算結果では
The control sequence at the end of the top line
of your error message was never \def'ed. If you have
misspelled it (e.g., `\hobx'), type `I' and the correct
spelling (e.g., `I\hbox'). Otherwise just continue,
and I'll forget about whatever was undefined.


LaTeX Warning: Citation `Showman2007' on page  undefined on input line 74.

\citation{Showman2007}
! Undefined control sequence.
<write> ...: Citation `\@citeb ' on page \thepage 
                                                  \space undefined\on@line .^^J
l.77 この結果は\cite{Showman2007}
                                  では考慮されていない
The control sequence at the end of the top line
of your error message was never \def'ed. If you have
misspelled it (e.g., `\hobx'), type `I' and the correct
spelling (e.g., `I\hbox'). Otherwise just continue,
and I'll forget about whatever was undefined.


LaTeX Warning: Citation `Showman2007' on page  undefined on input line 77.

)
! Emergency stop.
<*> abstract.tex
                
*** (job aborted, no legal \end found)

 
Here is how much of TeX's memory you used:
 11 strings out of 493226
 135 string characters out of 6144096
 74654 words of memory out of 5000000
 4092 multiletter control sequences out of 15000+600000
 7819 words of font info for 32 fonts, out of 8000000 for 9000
 929 hyphenation exceptions out of 8191
 21i,4n,25p,126b,103s stack positions out of 5000i,500n,10000p,200000b,80000s
Output written on abstract.dvi (1 page, 816 bytes).
